<?xml version="1.0" encoding="UTF-8"?>
<coverage generated="1658419483506" clover="3.2.0">
  <project timestamp="1658419483506" name="All files">
    <metrics statements="20" coveredstatements="15" conditionals="10" coveredconditionals="4" methods="3" coveredmethods="2" elements="33" coveredelements="21" complexity="0" loc="20" ncloc="20" packages="1" files="1" classes="1"/>
    <file name="index.js" path="D:\Dev\testKerja\KeDA\src\index.js">
      <metrics statements="20" coveredstatements="15" conditionals="10" coveredconditionals="4" methods="3" coveredmethods="2"/>
      <line num="8" count="1" type="stmt"/>
      <line num="9" count="0" type="stmt"/>
      <line num="10" count="0" type="cond" truecount="0" falsecount="2"/>
      <line num="11" count="0" type="cond" truecount="0" falsecount="2"/>
      <line num="12" count="0" type="cond" truecount="0" falsecount="2"/>
      <line num="13" count="0" type="stmt"/>
      <line num="19" count="1" type="stmt"/>
      <line num="20" count="3" type="stmt"/>
      <line num="21" count="23" type="stmt"/>
      <line num="22" count="77" type="cond" truecount="2" falsecount="0"/>
      <line num="23" count="13" type="stmt"/>
      <line num="24" count="13" type="stmt"/>
      <line num="25" count="13" type="stmt"/>
      <line num="29" count="3" type="stmt"/>
      <line num="33" count="1" type="stmt"/>
      <line num="34" count="7" type="stmt"/>
      <line num="35" count="6" type="cond" truecount="2" falsecount="0"/>
      <line num="36" count="3" type="stmt"/>
      <line num="39" count="4" type="stmt"/>
      <line num="42" count="1" type="stmt"/>
    </file>
  </project>
</coverage>
