{"D:\\Dev\\testKerja\\KeDA\\src\\index.js": {"path":"D:\\Dev\\testKerja\\KeDA\\src\\index.js","statementMap":{"0":{"start":{"line":8,"column":17},"end":{"line":15,"column":1}},"1":{"start":{"line":9,"column":2},"end":{"line":14,"column":3}},"2":{"start":{"line":9,"column":15},"end":{"line":9,"column":16}},"3":{"start":{"line":10,"column":4},"end":{"line":13,"column":24}},"4":{"start":{"line":10,"column":21},"end":{"line":10,"column":46}},"5":{"start":{"line":11,"column":9},"end":{"line":13,"column":24}},"6":{"start":{"line":11,"column":25},"end":{"line":11,"column":45}},"7":{"start":{"line":12,"column":9},"end":{"line":13,"column":24}},"8":{"start":{"line":12,"column":25},"end":{"line":12,"column":45}},"9":{"start":{"line":13,"column":9},"end":{"line":13,"column":24}},"10":{"start":{"line":19,"column":13},"end":{"line":30,"column":1}},"11":{"start":{"line":20,"column":2},"end":{"line":28,"column":3}},"12":{"start":{"line":20,"column":15},"end":{"line":20,"column":16}},"13":{"start":{"line":21,"column":4},"end":{"line":27,"column":5}},"14":{"start":{"line":21,"column":17},"end":{"line":21,"column":22}},"15":{"start":{"line":22,"column":6},"end":{"line":26,"column":7}},"16":{"start":{"line":23,"column":19},"end":{"line":23,"column":25}},"17":{"start":{"line":24,"column":8},"end":{"line":24,"column":24}},"18":{"start":{"line":25,"column":8},"end":{"line":25,"column":22}},"19":{"start":{"line":29,"column":2},"end":{"line":29,"column":13}},"20":{"start":{"line":33,"column":21},"end":{"line":40,"column":1}},"21":{"start":{"line":34,"column":2},"end":{"line":38,"column":3}},"22":{"start":{"line":34,"column":15},"end":{"line":34,"column":16}},"23":{"start":{"line":35,"column":4},"end":{"line":37,"column":5}},"24":{"start":{"line":36,"column":6},"end":{"line":36,"column":19}},"25":{"start":{"line":39,"column":2},"end":{"line":39,"column":14}},"26":{"start":{"line":42,"column":0},"end":{"line":46,"column":2}}},"fnMap":{"0":{"name":"(anonymous_0)","decl":{"start":{"line":8,"column":17},"end":{"line":8,"column":18}},"loc":{"start":{"line":8,"column":26},"end":{"line":15,"column":1}},"line":8},"1":{"name":"(anonymous_1)","decl":{"start":{"line":19,"column":13},"end":{"line":19,"column":14}},"loc":{"start":{"line":19,"column":22},"end":{"line":30,"column":1}},"line":19},"2":{"name":"(anonymous_2)","decl":{"start":{"line":33,"column":21},"end":{"line":33,"column":22}},"loc":{"start":{"line":33,"column":30},"end":{"line":40,"column":1}},"line":33}},"branchMap":{"0":{"loc":{"start":{"line":10,"column":4},"end":{"line":13,"column":24}},"type":"if","locations":[{"start":{"line":10,"column":4},"end":{"line":13,"column":24}},{"start":{"line":11,"column":9},"end":{"line":13,"column":24}}],"line":10},"1":{"loc":{"start":{"line":11,"column":9},"end":{"line":13,"column":24}},"type":"if","locations":[{"start":{"line":11,"column":9},"end":{"line":13,"column":24}},{"start":{"line":12,"column":9},"end":{"line":13,"column":24}}],"line":11},"2":{"loc":{"start":{"line":12,"column":9},"end":{"line":13,"column":24}},"type":"if","locations":[{"start":{"line":12,"column":9},"end":{"line":13,"column":24}},{"start":{"line":13,"column":9},"end":{"line":13,"column":24}}],"line":12},"3":{"loc":{"start":{"line":22,"column":6},"end":{"line":26,"column":7}},"type":"if","locations":[{"start":{"line":22,"column":6},"end":{"line":26,"column":7}},{"start":{},"end":{}}],"line":22},"4":{"loc":{"start":{"line":35,"column":4},"end":{"line":37,"column":5}},"type":"if","locations":[{"start":{"line":35,"column":4},"end":{"line":37,"column":5}},{"start":{},"end":{}}],"line":35}},"s":{"0":1,"1":0,"2":0,"3":0,"4":0,"5":0,"6":0,"7":0,"8":0,"9":0,"10":1,"11":3,"12":3,"13":23,"14":23,"15":77,"16":13,"17":13,"18":13,"19":3,"20":1,"21":7,"22":7,"23":6,"24":3,"25":4,"26":1},"f":{"0":0,"1":3,"2":7},"b":{"0":[0,0],"1":[0,0],"2":[0,0],"3":[13,64],"4":[3,3]},"_coverageSchema":"1a1c01bbd47fc00a2c39e90264f33305004495a9","hash":"8a5eff80f9e59b6e22cd359e2031c63bf327da26"}
}
